TrimmomaticSE: Started with arguments:
 SRR17673024.fastq.gz SRR17673024.trim.fastq.gz ILLUMINACLIP:./Trimmomatic-0.39/adapters/TruSeq3-SE.fa:2:30:10 HEADCROP:5 SLIDINGWINDOW:4:15 MINLEN:70 -phred33
Automatically using 4 threads
Using Long Clipping Sequence: 'AGATCGGAAGAGCGTCGTGTAGGGAAAGAGTGTA'
Using Long Clipping Sequence: 'AGATCGGAAGAGCACACGTCTGAACTCCAGTCAC'
ILLUMINACLIP: Using 0 prefix pairs, 2 forward/reverse sequences, 0 forward only sequences, 0 reverse only sequences
Input Reads: 21673310 Surviving: 21608233 (99.70%) Dropped: 65077 (0.30%)
TrimmomaticSE: Completed successfully

TrimmomaticSE: Started with arguments:
 SRR17673025.fastq.gz SRR17673025.trim.fastq.gz ILLUMINACLIP:./Trimmomatic-0.39/adapters/TruSeq3-SE.fa:2:30:10 HEADCROP:5 SLIDINGWINDOW:4:15 MINLEN:70 -phred33
Automatically using 4 threads
Using Long Clipping Sequence: 'AGATCGGAAGAGCGTCGTGTAGGGAAAGAGTGTA'
Using Long Clipping Sequence: 'AGATCGGAAGAGCACACGTCTGAACTCCAGTCAC'
ILLUMINACLIP: Using 0 prefix pairs, 2 forward/reverse sequences, 0 forward only sequences, 0 reverse only sequences
Input Reads: 21673310 Surviving: 21653494 (99.91%) Dropped: 19816 (0.09%)
TrimmomaticSE: Completed successfully

TrimmomaticSE: Started with arguments:
 SRR17673026.fastq.gz SRR17673026.trim.fastq.gz ILLUMINACLIP:./Trimmomatic-0.39/adapters/TruSeq3-SE.fa:2:30:10 HEADCROP:5 SLIDINGWINDOW:4:15 MINLEN:70 -phred33
Automatically using 4 threads
Using Long Clipping Sequence: 'AGATCGGAAGAGCGTCGTGTAGGGAAAGAGTGTA'
Using Long Clipping Sequence: 'AGATCGGAAGAGCACACGTCTGAACTCCAGTCAC'
ILLUMINACLIP: Using 0 prefix pairs, 2 forward/reverse sequences, 0 forward only sequences, 0 reverse only sequences
Input Reads: 22663626 Surviving: 22602514 (99.73%) Dropped: 61112 (0.27%)
TrimmomaticSE: Completed successfully

TrimmomaticSE: Started with arguments:
 SRR17673027.fastq.gz SRR17673027.trim.fastq.gz ILLUMINACLIP:./Trimmomatic-0.39/adapters/TruSeq3-SE.fa:2:30:10 HEADCROP:5 SLIDINGWINDOW:4:15 MINLEN:70 -phred33
Automatically using 4 threads
Using Long Clipping Sequence: 'AGATCGGAAGAGCGTCGTGTAGGGAAAGAGTGTA'
Using Long Clipping Sequence: 'AGATCGGAAGAGCACACGTCTGAACTCCAGTCAC'
ILLUMINACLIP: Using 0 prefix pairs, 2 forward/reverse sequences, 0 forward only sequences, 0 reverse only sequences
Input Reads: 22663628 Surviving: 22635326 (99.88%) Dropped: 28302 (0.12%)
TrimmomaticSE: Completed successfully

TrimmomaticSE: Started with arguments:
 SRR17673030.fastq.gz SRR17673030.trim.fastq.gz ILLUMINACLIP:./Trimmomatic-0.39/adapters/TruSeq3-SE.fa:2:30:10 HEADCROP:5 SLIDINGWINDOW:4:15 MINLEN:70 -phred33
Automatically using 4 threads
Using Long Clipping Sequence: 'AGATCGGAAGAGCGTCGTGTAGGGAAAGAGTGTA'
Using Long Clipping Sequence: 'AGATCGGAAGAGCACACGTCTGAACTCCAGTCAC'
ILLUMINACLIP: Using 0 prefix pairs, 2 forward/reverse sequences, 0 forward only sequences, 0 reverse only sequences
Input Reads: 22595856 Surviving: 22544989 (99.77%) Dropped: 50867 (0.23%)
TrimmomaticSE: Completed successfully

TrimmomaticSE: Started with arguments:
 SRR17673031.fastq.gz SRR17673031.trim.fastq.gz ILLUMINACLIP:./Trimmomatic-0.39/adapters/TruSeq3-SE.fa:2:30:10 HEADCROP:5 SLIDINGWINDOW:4:15 MINLEN:70 -phred33
Automatically using 4 threads
Using Long Clipping Sequence: 'AGATCGGAAGAGCGTCGTGTAGGGAAAGAGTGTA'
Using Long Clipping Sequence: 'AGATCGGAAGAGCACACGTCTGAACTCCAGTCAC'
ILLUMINACLIP: Using 0 prefix pairs, 2 forward/reverse sequences, 0 forward only sequences, 0 reverse only sequences
Input Reads: 22595858 Surviving: 22563989 (99.86%) Dropped: 31869 (0.14%)
TrimmomaticSE: Completed successfully

TrimmomaticSE: Started with arguments:
 SRR17673032.fastq.gz SRR17673032.trim.fastq.gz ILLUMINACLIP:./Trimmomatic-0.39/adapters/TruSeq3-SE.fa:2:30:10 HEADCROP:5 SLIDINGWINDOW:4:15 MINLEN:70 -phred33
Automatically using 4 threads
Using Long Clipping Sequence: 'AGATCGGAAGAGCGTCGTGTAGGGAAAGAGTGTA'
Using Long Clipping Sequence: 'AGATCGGAAGAGCACACGTCTGAACTCCAGTCAC'
ILLUMINACLIP: Using 0 prefix pairs, 2 forward/reverse sequences, 0 forward only sequences, 0 reverse only sequences
Input Reads: 22076550 Surviving: 22013825 (99.72%) Dropped: 62725 (0.28%)
TrimmomaticSE: Completed successfully

TrimmomaticSE: Started with arguments:
 SRR17673033.fastq.gz SRR17673033.trim.fastq.gz ILLUMINACLIP:./Trimmomatic-0.39/adapters/TruSeq3-SE.fa:2:30:10 HEADCROP:5 SLIDINGWINDOW:4:15 MINLEN:70 -phred33
Automatically using 4 threads
Using Long Clipping Sequence: 'AGATCGGAAGAGCGTCGTGTAGGGAAAGAGTGTA'
Using Long Clipping Sequence: 'AGATCGGAAGAGCACACGTCTGAACTCCAGTCAC'
ILLUMINACLIP: Using 0 prefix pairs, 2 forward/reverse sequences, 0 forward only sequences, 0 reverse only sequences
Input Reads: 22076550 Surviving: 22057722 (99.91%) Dropped: 18828 (0.09%)
TrimmomaticSE: Completed successfully
